<?xml version="1.0" encoding="UTF-8"?>
<!-- Generated by org.testng.reporters.JUnitReportReporter -->
<testsuite hostname="LAPTOP-Q5E25PUN" failures="0" tests="3" name="com.testcase.LoginPageTest" time="17.907" errors="0" timestamp="2022-07-25T12:13:30 IST" skipped="0">
  <testcase classname="com.testcase.LoginPageTest" name="loginPageTitleTest" time="4.352"/>
  <system-out/>
  <testcase classname="com.testcase.LoginPageTest" name="faceBookLogoImageTest" time="7.736"/>
  <system-out/>
  <testcase classname="com.testcase.LoginPageTest" name="loginTest" time="5.819"/>
  <system-out/>
</testsuite> <!-- com.testcase.LoginPageTest -->
