<?xml version="1.0" encoding="UTF-8"?>
<!-- Generated by org.testng.reporters.JUnitReportReporter -->
<testsuite hostname="LAPTOP-Q5E25PUN" failures="0" tests="2" name="com.testcase.SignUpPageTest" time="11.944" errors="0" timestamp="2022-07-25T12:13:30 IST" skipped="0">
  <testcase classname="com.testcase.SignUpPageTest" name="signUpPageTitleTest" time="4.313"/>
  <system-out/>
  <testcase classname="com.testcase.SignUpPageTest" name="SignUpTest" time="7.631"/>
  <system-out/>
</testsuite> <!-- com.testcase.SignUpPageTest -->
